[23:10:12] ---> [Info] Main >>> main::Application Start
[23:10:12] ---> [Info] PumpThread >>> 
[23:10:12] ---> [Info] MotorZThread >>> 
[23:10:12] ---> [Info] Configuration >>
[23:10:12] ---> [Info] Instrument version = mago4
[23:10:12] ---> [Info] Configuration <<
[23:10:17] ---> [Info] PumpThread >>> residual volume = 45
[23:10:17] ---> [Info] MotorZThread >>> Going Down
[23:10:17] ---> [Info] MotorZThread <<< 
[23:10:22] ---> [Info] PumpThread >>> residual volume = 40
[23:10:27] ---> [Info] PumpThread >>> residual volume = 35
[23:10:32] ---> [Info] PumpThread >>> residual volume = 30
[23:10:37] ---> [Info] PumpThread >>> residual volume = 25
[23:10:42] ---> [Info] PumpThread >>> residual volume = 20
[23:10:47] ---> [Info] PumpThread >>> residual volume = 15
[23:10:52] ---> [Info] PumpThread >>> residual volume = 10
[23:10:57] ---> [Info] PumpThread >>> residual volume = 5
[23:11:2] ---> [Info] PumpThread >>> residual volume = 0
[23:11:2] ---> [Info] PumpThread <<< 
[23:11:2] ---> [Info] Main <<< main::Application End
